============================================================
   Tang Dynasty, V5.0.19080
   Copyright:   Shanghai Anlogic Infotech Co., Ltd.
                2011 - 2021
   Executable = E:/Program Files/Circuit/Digital Circuit/Anlogic/TD5.0.19080/bin/td.exe
   Built at =   13:24:12 May  5 2020
   Run by =     admin
   Run Date =   Fri Jun  5 13:54:49 2020

   Run on =     DESKTOP-9BM44F6
============================================================
RUN-1002 : start command "import_device eagle_s20.db -package BG256"
ARC-1001 : Device Initialization.
ARC-1001 : ------------------------------------------------------------------
ARC-1001 :            OPTION            |          IO          |   SETTING   
ARC-1001 : ------------------------------------------------------------------
ARC-1001 :   cso_b/cclk/mosi/miso/dout  |  T3/R11/T10/P10/S11  |    gpio    
ARC-1001 :             done             |         P13          |    gpio    
ARC-1001 :           program_b          |          T2          |  dedicate  
ARC-1001 :        tdi/tms/tck/tdo       |   C12/A15/C14/E14    |  dedicate  
ARC-1001 : ------------------------------------------------------------------
ARC-1004 : Device setting, marked 5 dedicate IOs in total.
GUI-8003 ERROR: source/my_uart_rx.v is missing!
GUI-8003 ERROR: source/my_uart_tx.v is missing!
GUI-8003 ERROR: source/speed_setting.v is missing!
GUI-8003 ERROR: source/uart_top.v is missing!
HDL-1007 : Analyzing Verilog file 'source/rtl/uart_top.v'
HDL-1007 : Analyzing Verilog file 'source/rtl/speed_setting.v'
HDL-1007 : Analyzing Verilog file 'source/rtl/my_uart_rx.v'
HDL-5007 WARNING: redeclaration of ansi port 'rx_int' is not allowed in source/rtl/my_uart_rx.v(39)
HDL-1007 : Analyzing Verilog file 'source/rtl/my_uart_tx.v'
