============================================================
   Tang Dynasty, V5.0.19080
   Copyright:   Shanghai Anlogic Infotech Co., Ltd.
                2011 - 2021
   Executable = E:/Program Files/Circuit/Digital Circuit/Anlogic/TD5.0.19080/bin/td.exe
   Built at =   13:24:12 May  5 2020
   Run by =     admin
   Run Date =   Thu May 28 19:36:15 2020

   Run on =     DESKTOP-9BM44F6
============================================================
RUN-1002 : start command "import_device eagle_s20.db -package BG256"
ARC-1001 : Device Initialization.
ARC-1001 : ------------------------------------------------------------------
ARC-1001 :            OPTION            |          IO          |   SETTING   
ARC-1001 : ------------------------------------------------------------------
ARC-1001 :   cso_b/cclk/mosi/miso/dout  |  T3/R11/T10/P10/S11  |    gpio    
ARC-1001 :             done             |         P13          |    gpio    
ARC-1001 :           program_b          |          T2          |  dedicate  
ARC-1001 :        tdi/tms/tck/tdo       |   C12/A15/C14/E14    |  dedicate  
ARC-1001 : ------------------------------------------------------------------
ARC-1004 : Device setting, marked 5 dedicate IOs in total.
RUN-1002 : start command "import_db VGA_Demo_pr.db"
RUN-1001 : Importing database generated by Tang Dynasty, V5.0.19080.
RUN-1001 : Database version number 46126.
RUN-1001 : Import timing constraints
RUN-1001 : Import IO constraints
RUN-1001 : Import Inst constraints
RUN-1001 : Import flow parameters
Oops! 'Signal Segmentation Violation' raised. The backtrace:
[bt] (4)_chkstk
[bt] (5)RtlRaiseException
[bt] (6)KiUserExceptionDispatcher
[bt] (8)QWidget::event
[bt] (9)QMainWindow::event
[bt] (10)QApplicationPrivate::notify_helper
[bt] (11)QApplication::notify
[bt] (12)QCoreApplication::notifyInternal2
[bt] (13)QWidgetPrivate::close_helper
[bt] (14)QSizePolicy::QSizePolicy
[bt] (15)QSizePolicy::QSizePolicy
[bt] (16)QApplicationPrivate::notify_helper
[bt] (17)QApplication::notify
[bt] (18)QCoreApplication::notifyInternal2
[bt] (19)QGuiApplicationPrivate::processCloseEvent
[bt] (20)QWindowSystemInterface::sendWindowSystemEvents
[bt] (21)QEventDispatcherWin32::processEvents
[bt] (22)CallWindowProcW
[bt] (23)DispatchMessageW
[bt] (24)QEventDispatcherWin32::processEvents
[bt] (25)qt_plugin_query_metadata
[bt] (26)QEventLoop::exec
[bt] (27)QCoreApplication::exec
[bt] (31)BaseThreadInitThunk
[bt] (32)RtlUserThreadStart

