============================================================
   Tang Dynasty, V5.0.19080
   Copyright:   Shanghai Anlogic Infotech Co., Ltd.
                2011 - 2021
   Executable = E:/Program Files/Circuit/Digital Circuit/Anlogic/TD5.0.19080/bin/td.exe
   Built at =   13:24:12 May  5 2020
   Run by =     admin
   Run Date =   Fri May 29 14:39:07 2020

   Run on =     DESKTOP-9BM44F6
============================================================
RUN-1002 : start command "import_device eagle_s20.db -package BG256"
ARC-1001 : Device Initialization.
ARC-1001 : ------------------------------------------------------------------
ARC-1001 :            OPTION            |          IO          |   SETTING   
ARC-1001 : ------------------------------------------------------------------
ARC-1001 :   cso_b/cclk/mosi/miso/dout  |  T3/R11/T10/P10/S11  |    gpio    
ARC-1001 :             done             |         P13          |    gpio    
ARC-1001 :           program_b          |          T2          |  dedicate  
ARC-1001 :        tdi/tms/tck/tdo       |   C12/A15/C14/E14    |  dedicate  
ARC-1001 : ------------------------------------------------------------------
ARC-1004 : Device setting, marked 5 dedicate IOs in total.
RUN-1002 : start command "download -bit VGA_Demo.bit -mode jtag -spd 6 -sec 64 -cable 0"
PRG-2014 : Chip validation success: EAGLE_S20_BG256
RUN-1002 : start command "bit_to_vec -chip EAGLE_S20_BG256 -m jtag -bit VGA_Demo.bit"
PRG-3000 : BIT2VEC::JtagBitstream: completed! line_num = 1335, frame_num = 1259
RUN-1003 : finish command "bit_to_vec -chip EAGLE_S20_BG256 -m jtag -bit VGA_Demo.bit" in  1.610752s wall, 1.546875s user + 0.078125s system = 1.625000s CPU (100.9%)

RUN-1004 : used memory is 308 MB, reserved memory is 255 MB, peak memory is 310 MB
RUN-1002 : start command "program -cable 0 -spd 6 -p"
RUN-1003 : finish command "program -cable 0 -spd 6 -p" in  6.894086s wall, 0.953125s user + 0.218750s system = 1.171875s CPU (17.0%)

RUN-1004 : used memory is 315 MB, reserved memory is 263 MB, peak memory is 321 MB
RUN-1003 : finish command "download -bit VGA_Demo.bit -mode jtag -spd 6 -sec 64 -cable 0" in  9.064064s wall, 3.031250s user + 0.343750s system = 3.375000s CPU (37.2%)

RUN-1004 : used memory is 172 MB, reserved memory is 116 MB, peak memory is 321 MB
GUI-1001 : Download success!
