============================================================
   Tang Dynasty, V5.0.19080
   Copyright:   Shanghai Anlogic Infotech Co., Ltd.
                2011 - 2021
   Executable = E:/Program Files/Circuit/Digital Circuit/Anlogic/TD5.0.19080/bin/td.exe
   Built at =   13:24:12 May  5 2020
   Run by =     admin
   Run Date =   Sun May 31 12:58:35 2020

   Run on =     DESKTOP-9BM44F6
============================================================
RUN-1002 : start command "import_device eagle_s20.db -package BG256"
ARC-1001 : Device Initialization.
ARC-1001 : ------------------------------------------------------------------
ARC-1001 :            OPTION            |          IO          |   SETTING   
ARC-1001 : ------------------------------------------------------------------
ARC-1001 :   cso_b/cclk/mosi/miso/dout  |  T3/R11/T10/P10/S11  |    gpio    
ARC-1001 :             done             |         P13          |    gpio    
ARC-1001 :           program_b          |          T2          |  dedicate  
ARC-1001 :        tdi/tms/tck/tdo       |   C12/A15/C14/E14    |  dedicate  
ARC-1001 : ------------------------------------------------------------------
ARC-1004 : Device setting, marked 5 dedicate IOs in total.
RUN-1002 : start command "import_db VGA_Demo_pr.db"
RUN-1001 : Importing database generated by Tang Dynasty, V5.0.19080.
RUN-1001 : Database version number 46126.
RUN-1001 : Import timing constraints
RUN-1001 : Import IO constraints
RUN-1001 : Import Inst constraints
RUN-1001 : Import flow parameters
RUN-1003 : finish command "import_db VGA_Demo_pr.db" in  3.594117s wall, 3.515625s user + 0.109375s system = 3.625000s CPU (100.9%)

RUN-1004 : used memory is 518 MB, reserved memory is 476 MB, peak memory is 518 MB
RUN-6001 WARNING: Upgrade Requested <br>A mandatory update of this project file is required in order to execute TD 5.0.1 19080.<br><br>Yes to continue.
RUN-6001 WARNING: Upgrade Requested <br>A mandatory update of this project file is required in order to execute TD 5.0.1 19080.<br><br>Yes to continue.
